{
  "RSpec": {
    "coverage": {
      "/Users/deborablass/Dropbox/launchacademy/toy/toy/config/environment.rb": [
        null,
        1,
        null,
        null,
        1
      ],
      "/Users/deborablass/Dropbox/launchacademy/toy/toy/config/application.rb": [
        1,
        null,
        null,
        1,
        1,
        1,
        1,
        null,
        null,
        null,
        null,
        1,
        null,
        1,
        1,
        null,
        null,
        null,
        null,
        null,
        null,
        null,
        null,
        null,
        null,
        null,
        1,
        1,
        null,
        null
      ],
      "/Users/deborablass/Dropbox/launchacademy/toy/toy/config/boot.rb": [
        null,
        1,
        null,
        1
      ],
      "/Users/deborablass/Dropbox/launchacademy/toy/toy/config/environments/test.rb": [
        1,
        null,
        null,
        null,
        null,
        null,
        null,
        1,
        null,
        null,
        null,
        null,
        1,
        null,
        null,
        1,
        1,
        null,
        null,
        1,
        1,
        null,
        null,
        1,
        null,
        null,
        1,
        null,
        null,
        null,
        null,
        1,
        null,
        null,
        1,
        null
      ],
      "/Users/deborablass/Dropbox/launchacademy/toy/toy/config/initializers/backtrace_silencers.rb": [
        null,
        null,
        null,
        null,
        null,
        null,
        null
      ],
      "/Users/deborablass/Dropbox/launchacademy/toy/toy/config/initializers/devise.rb": [
        null,
        null,
        1,
        null,
        null,
        null,
        1,
        null,
        null,
        null,
        null,
        null,
        1,
        null,
        null,
        null,
        null,
        null,
        null,
        null,
        null,
        1,
        null,
        null,
        null,
        null,
        null,
        null,
        null,
        null,
        null,
        null,
        null,
        null,
        null,
        null,
        null,
        null,
        null,
        null,
        null,
        null,
        null,
        1,
        null,
        null,
        null,
        null,
        1,
        null,
        null,
        null,
        null,
        null,
        null,
        null,
        null,
        null,
        null,
        null,
        null,
        null,
        null,
        null,
        null,
        null,
        null,
        null,
        null,
        null,
        null,
        null,
        null,
        null,
        null,
        null,
        null,
        null,
        null,
        1,
        null,
        null,
        null,
        null,
        null,
        null,
        null,
        null,
        null,
        null,
        null,
        null,
        null,
        null,
        1,
        null,
        null,
        null,
        null,
        null,
        null,
        null,
        null,
        null,
        null,
        null,
        null,
        null,
        null,
        null,
        null,
        null,
        null,
        null,
        null,
        null,
        null,
        null,
        null,
        1,
        null,
        null,
        null,
        null,
        null,
        null,
        null,
        null,
        null,
        null,
        null,
        null,
        null,
        null,
        null,
        null,
        null,
        1,
        null,
        null,
        null,
        null,
        null,
        null,
        null,
        null,
        null,
        null,
        null,
        null,
        null,
        null,
        null,
        null,
        null,
        null,
        null,
        null,
        null,
        null,
        null,
        null,
        null,
        null,
        null,
        null,
        null,
        null,
        null,
        null,
        null,
        null,
        null,
        null,
        null,
        null,
        null,
        null,
        null,
        null,
        null,
        null,
        null,
        null,
        null,
        null,
        1,
        null,
        null,
        null,
        null,
        null,
        null,
        null,
        null,
        null,
        null,
        null,
        null,
        null,
        null,
        null,
        null,
        null,
        null,
        null,
        null,
        null,
        null,
        null,
        null,
        null,
        null,
        null,
        null,
        null,
        null,
        null,
        null,
        null,
        null,
        null,
        null,
        null,
        1,
        null,
        null,
        null,
        null,
        1,
        null,
        1,
        null,
        null,
        null,
        null,
        null,
        null,
        null,
        null,
        null,
        null,
        null,
        null,
        null,
        null,
        null,
        null,
        null,
        null,
        null,
        null,
        null,
        null,
        null
      ],
      "/Users/deborablass/Dropbox/launchacademy/toy/toy/config/initializers/filter_parameter_logging.rb": [
        null,
        null,
        null,
        1
      ],
      "/Users/deborablass/Dropbox/launchacademy/toy/toy/config/initializers/inflections.rb": [
        null,
        null,
        null,
        null,
        null,
        null,
        null,
        null,
        null,
        null,
        null,
        null,
        null,
        null,
        null,
        null
      ],
      "/Users/deborablass/Dropbox/launchacademy/toy/toy/config/initializers/mime_types.rb": [
        null,
        null,
        null,
        null,
        null
      ],
      "/Users/deborablass/Dropbox/launchacademy/toy/toy/config/initializers/secret_token.rb": [
        null,
        null,
        null,
        null,
        null,
        null,
        null,
        null,
        null,
        null,
        null,
        null,
        1,
        null
      ],
      "/Users/deborablass/Dropbox/launchacademy/toy/toy/config/initializers/session_store.rb": [
        null,
        null,
        1
      ],
      "/Users/deborablass/Dropbox/launchacademy/toy/toy/config/initializers/simple_form.rb": [
        null,
        1,
        null,
        null,
        null,
        null,
        null,
        1,
        null,
        null,
        null,
        null,
        null,
        null,
        null,
        null,
        null,
        1,
        null,
        null,
        null,
        1,
        null,
        null,
        null,
        null,
        null,
        null,
        null,
        null,
        1,
        null,
        null,
        1,
        null,
        null,
        1,
        null,
        null,
        1,
        null,
        null,
        1,
        1,
        1,
        null,
        null,
        null,
        1,
        null,
        null,
        null,
        null,
        null,
        1,
        null,
        null,
        1,
        null,
        null,
        null,
        null,
        null,
        null,
        null,
        1,
        null,
        null,
        1,
        null,
        null,
        null,
        null,
        null,
        null,
        null,
        null,
        null,
        null,
        null,
        null,
        null,
        null,
        null,
        null,
        null,
        null,
        null,
        null,
        null,
        null,
        null,
        null,
        null,
        138,
        null,
        null,
        1,
        null,
        null,
        null,
        null,
        null,
        null,
        null,
        null,
        null,
        null,
        null,
        null,
        null,
        null,
        null,
        1,
        null,
        null,
        null,
        null,
        null,
        null,
        null,
        null,
        null,
        null,
        null,
        null,
        null,
        null,
        null,
        null,
        null,
        null,
        null,
        null,
        null,
        null,
        null,
        null,
        null,
        null,
        null,
        null,
        null,
        null,
        null
      ],
      "/Users/deborablass/Dropbox/launchacademy/toy/toy/config/initializers/simple_form_foundation.rb": [
        null,
        1,
        1,
        1,
        1,
        1,
        1,
        1,
        1,
        1,
        1,
        null,
        null,
        null,
        null,
        null,
        null,
        null,
        1,
        null,
        null,
        1,
        null,
        null,
        1,
        null
      ],
      "/Users/deborablass/Dropbox/launchacademy/toy/toy/config/initializers/wrap_parameters.rb": [
        null,
        null,
        null,
        null,
        null,
        null,
        1,
        1,
        null,
        null,
        null,
        null,
        null,
        null
      ],
      "/Users/deborablass/Dropbox/launchacademy/toy/toy/spec/factories/departments.rb": [
        null,
        null,
        1,
        1,
        1,
        null,
        null
      ],
      "/Users/deborablass/Dropbox/launchacademy/toy/toy/spec/factories/groups.rb": [
        null,
        null,
        1,
        1,
        1,
        1,
        null,
        null,
        null
      ],
      "/Users/deborablass/Dropbox/launchacademy/toy/toy/spec/factories/lunches.rb": [
        null,
        null,
        1,
        1,
        1,
        null,
        null,
        null
      ],
      "/Users/deborablass/Dropbox/launchacademy/toy/toy/spec/factories/lunchgroupleader.rb": [
        1,
        1,
        1,
        null,
        null
      ],
      "/Users/deborablass/Dropbox/launchacademy/toy/toy/spec/factories/user_groups.rb": [
        null,
        null,
        1,
        1,
        1,
        1,
        null,
        null,
        null
      ],
      "/Users/deborablass/Dropbox/launchacademy/toy/toy/spec/factories/user_lunches.rb": [
        null,
        null,
        1,
        1,
        1,
        1,
        null,
        null,
        null,
        null
      ],
      "/Users/deborablass/Dropbox/launchacademy/toy/toy/spec/factories/users.rb": [
        null,
        null,
        1,
        1,
        1,
        82,
        1,
        1,
        1,
        1,
        1,
        1,
        null,
        1,
        1,
        null,
        null,
        1,
        1,
        null,
        null,
        1,
        1,
        null,
        null,
        1,
        1,
        0,
        null,
        null,
        null,
        1,
        1,
        1,
        null,
        null,
        1,
        1,
        1,
        1,
        1,
        1,
        1,
        1,
        1,
        null,
        null,
        null
      ],
      "/Users/deborablass/Dropbox/launchacademy/toy/toy/config/routes.rb": [
        1,
        1,
        null,
        1,
        1,
        1,
        1,
        null,
        null,
        null,
        1,
        null,
        1,
        1,
        null,
        1,
        null,
        1,
        1,
        1,
        1,
        1,
        null,
        1,
        1,
        1,
        1,
        1,
        1,
        1,
        null,
        1,
        1,
        null,
        null,
        null,
        null,
        null
      ],
      "/Users/deborablass/Dropbox/launchacademy/toy/toy/app/models/user.rb": [
        1,
        null,
        null,
        1,
        null,
        null,
        1,
        1,
        null,
        1,
        null,
        1,
        1,
        1,
        null,
        null,
        1,
        0,
        0,
        0,
        0,
        0,
        0,
        null,
        null,
        null,
        1,
        6,
        6,
        0,
        null,
        null,
        null,
        null,
        null
      ],
      "/Users/deborablass/Dropbox/launchacademy/toy/toy/app/helpers/application_helper.rb": [
        1,
        null
      ],
      "/Users/deborablass/Dropbox/launchacademy/toy/toy/app/helpers/groups_helper.rb": [
        1,
        null
      ],
      "/Users/deborablass/Dropbox/launchacademy/toy/toy/app/helpers/lunches_helper.rb": [
        1,
        null
      ],
      "/Users/deborablass/Dropbox/launchacademy/toy/toy/app/helpers/users_helper.rb": [
        1,
        null
      ],
      "/Users/deborablass/Dropbox/launchacademy/toy/toy/spec/support/authentication_helper.rb": [
        1,
        1,
        12,
        12,
        12,
        12,
        null,
        null,
        1,
        0,
        0,
        null,
        null
      ],
      "/Users/deborablass/Dropbox/launchacademy/toy/toy/spec/support/wait_for_ajax.rb": [
        1,
        1,
        2,
        2,
        null,
        null,
        null,
        1,
        20,
        null,
        null
      ],
      "/Users/deborablass/Dropbox/launchacademy/toy/toy/spec/features/admin_can_change_lunch_participation_spec.rb": [
        1,
        null,
        1,
        2,
        2,
        null,
        1,
        1,
        1,
        1,
        1,
        1,
        null,
        null,
        1,
        1,
        1,
        1,
        1,
        null,
        1,
        1,
        1,
        1,
        1,
        null,
        1,
        1,
        null,
        null,
        null
      ],
      "/Users/deborablass/Dropbox/launchacademy/toy/toy/spec/features/admin_can_create_lunchgroups_spec.rb": [
        1,
        null,
        1,
        3,
        3,
        null,
        1,
        2,
        2,
        2,
        2,
        2,
        2,
        null,
        null,
        null,
        1,
        1,
        1,
        1,
        null,
        1,
        1,
        1,
        null,
        null,
        1,
        1,
        1,
        1,
        1,
        1,
        1,
        null,
        null,
        null
      ],
      "/Users/deborablass/Dropbox/launchacademy/toy/toy/spec/features/user_can_decide_to_participate_in_a_lunch_spec.rb": [
        1,
        1,
        1,
        null,
        1,
        3,
        3,
        null,
        1,
        2,
        2,
        2,
        2,
        2,
        2,
        null,
        null,
        1,
        1,
        null,
        null,
        1,
        1,
        1,
        1,
        1,
        1,
        1,
        1,
        1,
        1,
        1,
        null,
        1,
        null,
        null
      ],
      "/Users/deborablass/Dropbox/launchacademy/toy/toy/spec/features/user_can_sign_up_with_devise_spec.rb": [
        1,
        null,
        1,
        null,
        null,
        null,
        null,
        null,
        null,
        null,
        null,
        1,
        3,
        3,
        null,
        null,
        1,
        1,
        1,
        1,
        1,
        1,
        1,
        null,
        1,
        1,
        null,
        null,
        1,
        1,
        1,
        1,
        1,
        null,
        null,
        1,
        1,
        null,
        1,
        1,
        null,
        1,
        null,
        1,
        1,
        null,
        null,
        null,
        null
      ],
      "/Users/deborablass/Dropbox/launchacademy/toy/toy/spec/features/user_can_submit_contact_form_spec.rb": [
        1,
        null,
        1,
        null,
        null,
        null,
        null,
        null,
        null,
        null,
        null,
        null,
        null,
        1,
        null,
        1,
        1,
        1,
        1,
        1,
        1,
        1,
        null,
        1,
        1,
        1,
        1,
        1,
        1,
        null,
        null,
        1,
        null,
        null
      ],
      "/Users/deborablass/Dropbox/launchacademy/toy/toy/spec/features/user_signs_in_again_devise_spec.rb": [
        1,
        null,
        1,
        null,
        null,
        null,
        null,
        1,
        4,
        4,
        4,
        4,
        4,
        null,
        null,
        1,
        1,
        1,
        1,
        1,
        1,
        null,
        1,
        1,
        null,
        null,
        1,
        1,
        1,
        1,
        1,
        1,
        1,
        1,
        null,
        null,
        1,
        1,
        1,
        1,
        1,
        1,
        1,
        1,
        null,
        null,
        1,
        1,
        1,
        1,
        1,
        1,
        1,
        1,
        1,
        null,
        null,
        null
      ],
      "/Users/deborablass/Dropbox/launchacademy/toy/toy/spec/helpers/groups_helper_spec.rb": [
        1,
        null,
        null,
        null,
        null,
        null,
        null,
        null,
        null,
        null,
        null,
        null,
        1,
        1,
        null
      ],
      "/Users/deborablass/Dropbox/launchacademy/toy/toy/spec/helpers/lunches_helper_spec.rb": [
        1,
        null,
        null,
        null,
        null,
        null,
        null,
        null,
        null,
        null,
        null,
        null,
        1,
        1,
        null
      ],
      "/Users/deborablass/Dropbox/launchacademy/toy/toy/spec/helpers/users_helper_spec.rb": [
        1,
        null,
        null,
        null,
        null,
        null,
        null,
        null,
        null,
        null,
        null,
        null,
        1,
        1,
        null
      ],
      "/Users/deborablass/Dropbox/launchacademy/toy/toy/spec/models/department_spec.rb": [
        1,
        null,
        1,
        1,
        null
      ],
      "/Users/deborablass/Dropbox/launchacademy/toy/toy/app/models/department.rb": [
        1,
        1,
        null
      ],
      "/Users/deborablass/Dropbox/launchacademy/toy/toy/spec/models/group_spec.rb": [
        1,
        null,
        1,
        2,
        2,
        null,
        2,
        null,
        1,
        1,
        null,
        3,
        1,
        1,
        null,
        1,
        1,
        0,
        null,
        null,
        1,
        0,
        0,
        null,
        null,
        null,
        1,
        1,
        0,
        null,
        null,
        1,
        0,
        0,
        null,
        null,
        null,
        null,
        null
      ],
      "/Users/deborablass/Dropbox/launchacademy/toy/toy/app/models/group.rb": [
        1,
        null,
        1,
        1,
        1,
        null,
        null,
        1,
        null,
        null,
        1,
        3,
        1,
        1,
        2,
        0,
        0,
        null,
        2,
        2,
        null,
        null,
        null
      ],
      "/Users/deborablass/Dropbox/launchacademy/toy/toy/spec/models/lunch_spec.rb": [
        1,
        null,
        1,
        null,
        2,
        2,
        null,
        2,
        null
      ],
      "/Users/deborablass/Dropbox/launchacademy/toy/toy/app/models/lunch.rb": [
        1,
        1,
        null,
        1,
        null,
        1,
        1,
        null,
        null,
        1,
        1,
        1,
        null,
        4,
        4,
        56,
        1,
        16,
        16,
        null,
        4,
        null,
        0,
        null,
        null,
        null,
        null,
        null
      ],
      "/Users/deborablass/Dropbox/launchacademy/toy/toy/spec/models/user_group_spec.rb": [
        1,
        null,
        1,
        null,
        2,
        2,
        null,
        null
      ],
      "/Users/deborablass/Dropbox/launchacademy/toy/toy/app/models/user_group.rb": [
        1,
        1,
        1,
        null,
        1,
        1,
        null
      ],
      "/Users/deborablass/Dropbox/launchacademy/toy/toy/spec/models/user_lunch_spec.rb": [
        1,
        null,
        1,
        null,
        2,
        2,
        null
      ],
      "/Users/deborablass/Dropbox/launchacademy/toy/toy/app/models/user_lunch.rb": [
        1,
        1,
        1,
        null,
        1,
        1,
        null
      ],
      "/Users/deborablass/Dropbox/launchacademy/toy/toy/spec/models/user_spec.rb": [
        1,
        null,
        1,
        2,
        null,
        2,
        2,
        null,
        null,
        1,
        1,
        1,
        1,
        null,
        null,
        1,
        1,
        1,
        null,
        null,
        null
      ],
      "/Users/deborablass/Dropbox/launchacademy/toy/toy/app/models/lunchgroupleader.rb": [
        1,
        1,
        null
      ],
      "/Users/deborablass/Dropbox/launchacademy/toy/toy/app/controllers/messages_controller.rb": [
        1,
        1,
        1,
        null,
        null,
        1,
        1,
        1,
        1,
        1,
        null,
        0,
        null,
        null,
        null,
        1,
        null,
        1,
        2,
        null,
        null
      ],
      "/Users/deborablass/Dropbox/launchacademy/toy/toy/app/controllers/application_controller.rb": [
        1,
        null,
        null,
        1,
        null,
        1,
        null,
        1,
        null,
        1,
        40,
        null,
        null,
        1,
        null,
        16,
        9,
        null,
        7,
        null,
        null,
        null,
        null
      ],
      "/Users/deborablass/Dropbox/launchacademy/toy/toy/app/models/message.rb": [
        1,
        1,
        null,
        1,
        1,
        null,
        null
      ],
      "/Users/deborablass/Dropbox/launchacademy/toy/toy/app/mailers/contact_form.rb": [
        1,
        null,
        null,
        null,
        null,
        null,
        null,
        1,
        1,
        null,
        1,
        null,
        null
      ],
      "/Users/deborablass/Dropbox/launchacademy/toy/toy/app/controllers/welcome_controller.rb": [
        1,
        null,
        1,
        null,
        null,
        null
      ],
      "/Users/deborablass/Dropbox/launchacademy/toy/toy/app/controllers/users_controller.rb": [
        1,
        null,
        1,
        1,
        1,
        null,
        1,
        1,
        null,
        null,
        1,
        9,
        null,
        null,
        1,
        0,
        0,
        0,
        0,
        null,
        0,
        null,
        null,
        0,
        null,
        null,
        null,
        1,
        0,
        null,
        null,
        1,
        1,
        1,
        1,
        1,
        1,
        null,
        null,
        1,
        1,
        1,
        1,
        1,
        1,
        null,
        null,
        1,
        0,
        0,
        0,
        0,
        0,
        0,
        0,
        0,
        0,
        0,
        null,
        0,
        null,
        null,
        1,
        0,
        0,
        0,
        null,
        0,
        0,
        null,
        null,
        null,
        1,
        null,
        1,
        1,
        0,
        null,
        null,
        null,
        1,
        9,
        0,
        null,
        null,
        null,
        1,
        null,
        1,
        0,
        null,
        null
      ],
      "/Users/deborablass/Dropbox/launchacademy/toy/toy/app/controllers/lunches_controller.rb": [
        1,
        null,
        1,
        1,
        null,
        1,
        15,
        15,
        15,
        15,
        null,
        null,
        1,
        0,
        null,
        null,
        1,
        0,
        null,
        0,
        0,
        0,
        null,
        0,
        null,
        null,
        0,
        null,
        null,
        null,
        1,
        1,
        1,
        1,
        null,
        0,
        null,
        null,
        null,
        1,
        5,
        5,
        25,
        5,
        null,
        null,
        1,
        0,
        0,
        0,
        0,
        null,
        null,
        1,
        1,
        1,
        1,
        null,
        null,
        1,
        1,
        1,
        2,
        1,
        null,
        1,
        null,
        null,
        1,
        1,
        1,
        2,
        1,
        null,
        1,
        null,
        null,
        1,
        0,
        0,
        0,
        null,
        null,
        null,
        1,
        null,
        1,
        24,
        0,
        null,
        null,
        null,
        1,
        null,
        1,
        1,
        null,
        null
      ],
      "/Users/deborablass/Dropbox/launchacademy/toy/toy/app/controllers/lunchgroupleaders_controller.rb": [
        1,
        1,
        null,
        1,
        1,
        1,
        null,
        null,
        1,
        0,
        0,
        0,
        null,
        0,
        null,
        null,
        null,
        1,
        0,
        null,
        null,
        1,
        0,
        0,
        0,
        null,
        0,
        null,
        null,
        null,
        1,
        null,
        1,
        1,
        0,
        null,
        null,
        null,
        null
      ],
      "/Users/deborablass/Dropbox/launchacademy/toy/toy/app/controllers/departments_controller.rb": [
        1,
        1,
        null,
        1,
        1,
        1,
        null,
        null,
        1,
        0,
        0,
        0,
        null,
        0,
        null,
        null,
        null,
        1,
        0,
        null,
        null,
        1,
        0,
        0,
        0,
        null,
        0,
        null,
        null,
        null,
        1,
        null,
        1,
        1,
        0,
        null,
        null,
        null,
        null,
        null
      ],
      "/Users/deborablass/Dropbox/launchacademy/toy/toy/app/controllers/groups_controller.rb": [
        1,
        1,
        1,
        null,
        1,
        1,
        1,
        1,
        1,
        null,
        null,
        1,
        0,
        0,
        0,
        0,
        null,
        null,
        1,
        0,
        0,
        0,
        null,
        null,
        1,
        0,
        0,
        0,
        null,
        0,
        null,
        null,
        1,
        null,
        1,
        0,
        0,
        null,
        null,
        null,
        null
      ]
    },
    "timestamp": 1391861951
  }
}
